<?xml version="1.0" encoding="UTF-8"?>
<!-- Generated by org.testng.reporters.JUnitXMLReporter -->
<testsuite ignored="2" hostname="DESKTOP-S14NVRK" failures="0" tests="2" name="OrangeHRMLogin" time="0.04" errors="0" timestamp="2023-05-13T13:10:58 IST">
  <testcase classname="com.testNitin.runner.OrangeHRM" name="EnterLoginDetails" time="0.0">
    <skipped/>
  </testcase> <!-- EnterLoginDetails -->
  <testcase classname="com.testNitin.runner.OrangeHRM" name="VerifyLogin" time="0.0">
    <skipped/>
  </testcase> <!-- VerifyLogin -->
  <testcase classname="com.testNitin.runner.OrangeHRM" name="VerifyMyInfo" time="0.0">
    <ignored/>
  </testcase> <!-- VerifyMyInfo -->
  <testcase classname="com.testNitin.runner.OrangeHRM" name="NavigateToMyInfo" time="0.0">
    <ignored/>
  </testcase> <!-- NavigateToMyInfo -->
</testsuite> <!-- OrangeHRMLogin -->
